<?xml version="1.0" encoding="UTF-8"?>

<beans:beans
    xmlns:beans="http://www.springframework.org/schema/beans"
    xmlns:xsi="http://www.w3.org/2001/XMLSchema-instance"
    xmlns:jdbc="http://www.springframework.org/schema/jdbc"
    xmlns:batch="http://www.springframework.org/schema/batch"
    xmlns:context="http://www.springframework.org/schema/context"
    xmlns:p="http://www.springframework.org/schema/p"
    xsi:schemaLocation="
          http://www.springframework.org/schema/beans http://www.springframework.org/schema/beans/spring-beans.xsd
          http://www.springframework.org/schema/batch http://www.springframework.org/schema/batch/spring-batch.xsd
          http://www.springframework.org/schema/context http://www.springframework.org/schema/context/spring-context.xsd
          http://www.springframework.org/schema/jdbc http://www.springframework.org/schema/jdbc/spring-jdbc.xsd">

    <context:property-placeholder location="batch-mysql.properties" ignore-unresolvable="true"/>    
    <beans:import resource="classpath:META-INF/spring/batch/jobs/job1.xml" />
    
    <beans:bean id="dataSource" class="org.apache.commons.dbcp2.BasicDataSource"
                p:driverClassName="${batch.jdbc.driver}"
                p:url="${batch.jdbc.url}"
                p:username="${batch.jdbc.user}"
                p:password="${batch.jdbc.password}"/>
    
    <jdbc:initialize-database data-source="dataSource" enabled="${batch.data.source.init}">
        <jdbc:script location="${batch.drop.script}"/>
        <jdbc:script location="${batch.schema.script}"/>
    </jdbc:initialize-database>

    <batch:job-repository id="jobRepository"/>

    <beans:bean id="jobParametersIncrementer" class="org.springframework.batch.core.launch.support.RunIdIncrementer" />

    <beans:bean id="transactionManager" class="org.springframework.jdbc.datasource.DataSourceTransactionManager"
                p:dataSource-ref="dataSource"/>

    <beans:bean id="jobLauncher" class="org.springframework.batch.core.launch.support.SimpleJobLauncher"
                p:jobRepository-ref="jobRepository"/>
    
</beans:beans>
